Analysis & Synthesis report for MACs
Tue Feb 13 11:26:13 2024
Quartus Prime Version 23.1std.0 Build 991 11/28/2023 SC Lite Edition


---------------------
; Table of Contents ;
---------------------
  1. Legal Notice
  2. Analysis & Synthesis Summary
  3. Analysis & Synthesis Settings
  4. Parallel Compilation
  5. Analysis & Synthesis Source Files Read
  6. Analysis & Synthesis Resource Usage Summary
  7. Analysis & Synthesis Resource Utilization by Entity
  8. Analysis & Synthesis IP Cores Summary
  9. General Register Statistics
 10. Source assignments for multiplier:mult|parallel_adder:adder|parallel_add:parallel_add_component|par_add_hag:auto_generated
 11. Parameter Settings for User Entity Instance: Top-level Entity: |MACs
 12. Parameter Settings for User Entity Instance: multiplier:mult
 13. Parameter Settings for User Entity Instance: multiplier:mult|parallel_adder:adder|parallel_add:parallel_add_component
 14. Parameter Settings for User Entity Instance: sub_adder:add|lpm_add_sub:LPM_ADD_SUB_component
 15. Port Connectivity Checks: "sub_adder:add"
 16. Port Connectivity Checks: "multiplier:mult|parallel_adder:adder"
 17. Post-Synthesis Netlist Statistics for Top Partition
 18. Elapsed Time Per Partition
 19. Analysis & Synthesis Messages



----------------
; Legal Notice ;
----------------
Copyright (C) 2023  Intel Corporation. All rights reserved.
Your use of Intel Corporation's design tools, logic functions 
and other software and tools, and any partner logic 
functions, and any output files from any of the foregoing 
(including device programming or simulation files), and any 
associated documentation or information are expressly subject 
to the terms and conditions of the Intel Program License 
Subscription Agreement, the Intel Quartus Prime License Agreement,
the Intel FPGA IP License Agreement, or other applicable license
agreement, including, without limitation, that your use is for
the sole purpose of programming logic devices manufactured by
Intel and sold by Intel or its authorized distributors.  Please
refer to the applicable agreement for further details, at
https://fpgasoftware.intel.com/eula.



+----------------------------------------------------------------------------------+
; Analysis & Synthesis Summary                                                     ;
+---------------------------------+------------------------------------------------+
; Analysis & Synthesis Status     ; Successful - Tue Feb 13 11:26:13 2024          ;
; Quartus Prime Version           ; 23.1std.0 Build 991 11/28/2023 SC Lite Edition ;
; Revision Name                   ; MACs                                           ;
; Top-level Entity Name           ; MACs                                           ;
; Family                          ; Cyclone V                                      ;
; Logic utilization (in ALMs)     ; N/A                                            ;
; Total registers                 ; 264                                            ;
; Total pins                      ; 3                                              ;
; Total virtual pins              ; 54                                             ;
; Total block memory bits         ; 0                                              ;
; Total DSP Blocks                ; 0                                              ;
; Total HSSI RX PCSs              ; 0                                              ;
; Total HSSI PMA RX Deserializers ; 0                                              ;
; Total HSSI TX PCSs              ; 0                                              ;
; Total HSSI PMA TX Serializers   ; 0                                              ;
; Total PLLs                      ; 0                                              ;
; Total DLLs                      ; 0                                              ;
+---------------------------------+------------------------------------------------+


+---------------------------------------------------------------------------------------------------------------------------+
; Analysis & Synthesis Settings                                                                                             ;
+---------------------------------------------------------------------------------+--------------------+--------------------+
; Option                                                                          ; Setting            ; Default Value      ;
+---------------------------------------------------------------------------------+--------------------+--------------------+
; Device                                                                          ; 5CSEMA5F31C6       ;                    ;
; Top-level entity name                                                           ; MACs               ; MACs               ;
; Family name                                                                     ; Cyclone V          ; Cyclone V          ;
; Use smart compilation                                                           ; Off                ; Off                ;
; Enable parallel Assembler and Timing Analyzer during compilation                ; On                 ; On                 ;
; Enable compact report table                                                     ; Off                ; Off                ;
; Restructure Multiplexers                                                        ; Auto               ; Auto               ;
; MLAB Add Timing Constraints For Mixed-Port Feed-Through Mode Setting Don't Care ; Off                ; Off                ;
; Create Debugging Nodes for IP Cores                                             ; Off                ; Off                ;
; Preserve fewer node names                                                       ; On                 ; On                 ;
; Intel FPGA IP Evaluation Mode                                                   ; Enable             ; Enable             ;
; Verilog Version                                                                 ; Verilog_2001       ; Verilog_2001       ;
; VHDL Version                                                                    ; VHDL_1993          ; VHDL_1993          ;
; State Machine Processing                                                        ; Auto               ; Auto               ;
; Safe State Machine                                                              ; Off                ; Off                ;
; Extract Verilog State Machines                                                  ; On                 ; On                 ;
; Extract VHDL State Machines                                                     ; On                 ; On                 ;
; Ignore Verilog initial constructs                                               ; Off                ; Off                ;
; Iteration limit for constant Verilog loops                                      ; 5000               ; 5000               ;
; Iteration limit for non-constant Verilog loops                                  ; 250                ; 250                ;
; Add Pass-Through Logic to Inferred RAMs                                         ; On                 ; On                 ;
; Infer RAMs from Raw Logic                                                       ; On                 ; On                 ;
; Parallel Synthesis                                                              ; On                 ; On                 ;
; DSP Block Balancing                                                             ; Auto               ; Auto               ;
; NOT Gate Push-Back                                                              ; On                 ; On                 ;
; Power-Up Don't Care                                                             ; On                 ; On                 ;
; Remove Redundant Logic Cells                                                    ; Off                ; Off                ;
; Remove Duplicate Registers                                                      ; On                 ; On                 ;
; Ignore CARRY Buffers                                                            ; Off                ; Off                ;
; Ignore CASCADE Buffers                                                          ; Off                ; Off                ;
; Ignore GLOBAL Buffers                                                           ; Off                ; Off                ;
; Ignore ROW GLOBAL Buffers                                                       ; Off                ; Off                ;
; Ignore LCELL Buffers                                                            ; Off                ; Off                ;
; Ignore SOFT Buffers                                                             ; On                 ; On                 ;
; Limit AHDL Integers to 32 Bits                                                  ; Off                ; Off                ;
; Optimization Technique                                                          ; Balanced           ; Balanced           ;
; Carry Chain Length                                                              ; 70                 ; 70                 ;
; Auto Carry Chains                                                               ; On                 ; On                 ;
; Auto Open-Drain Pins                                                            ; On                 ; On                 ;
; Perform WYSIWYG Primitive Resynthesis                                           ; Off                ; Off                ;
; Auto ROM Replacement                                                            ; On                 ; On                 ;
; Auto RAM Replacement                                                            ; On                 ; On                 ;
; Auto DSP Block Replacement                                                      ; On                 ; On                 ;
; Auto Shift Register Replacement                                                 ; Auto               ; Auto               ;
; Allow Shift Register Merging across Hierarchies                                 ; Auto               ; Auto               ;
; Auto Clock Enable Replacement                                                   ; On                 ; On                 ;
; Strict RAM Replacement                                                          ; Off                ; Off                ;
; Allow Synchronous Control Signals                                               ; On                 ; On                 ;
; Force Use of Synchronous Clear Signals                                          ; Off                ; Off                ;
; Auto Resource Sharing                                                           ; Off                ; Off                ;
; Allow Any RAM Size For Recognition                                              ; Off                ; Off                ;
; Allow Any ROM Size For Recognition                                              ; Off                ; Off                ;
; Allow Any Shift Register Size For Recognition                                   ; Off                ; Off                ;
; Use LogicLock Constraints during Resource Balancing                             ; On                 ; On                 ;
; Ignore translate_off and synthesis_off directives                               ; Off                ; Off                ;
; Timing-Driven Synthesis                                                         ; On                 ; On                 ;
; Report Parameter Settings                                                       ; On                 ; On                 ;
; Report Source Assignments                                                       ; On                 ; On                 ;
; Report Connectivity Checks                                                      ; On                 ; On                 ;
; Ignore Maximum Fan-Out Assignments                                              ; Off                ; Off                ;
; Synchronization Register Chain Length                                           ; 3                  ; 3                  ;
; Power Optimization During Synthesis                                             ; Normal compilation ; Normal compilation ;
; HDL message level                                                               ; Level2             ; Level2             ;
; Suppress Register Optimization Related Messages                                 ; Off                ; Off                ;
; Number of Removed Registers Reported in Synthesis Report                        ; 5000               ; 5000               ;
; Number of Swept Nodes Reported in Synthesis Report                              ; 5000               ; 5000               ;
; Number of Inverted Registers Reported in Synthesis Report                       ; 100                ; 100                ;
; Clock MUX Protection                                                            ; On                 ; On                 ;
; Auto Gated Clock Conversion                                                     ; Off                ; Off                ;
; Block Design Naming                                                             ; Auto               ; Auto               ;
; SDC constraint protection                                                       ; Off                ; Off                ;
; Synthesis Effort                                                                ; Auto               ; Auto               ;
; Shift Register Replacement - Allow Asynchronous Clear Signal                    ; On                 ; On                 ;
; Pre-Mapping Resynthesis Optimization                                            ; Off                ; Off                ;
; Analysis & Synthesis Message Level                                              ; Medium             ; Medium             ;
; Disable Register Merging Across Hierarchies                                     ; Auto               ; Auto               ;
; Resource Aware Inference For Block RAM                                          ; On                 ; On                 ;
; Automatic Parallel Synthesis                                                    ; On                 ; On                 ;
; Partial Reconfiguration Bitstream ID                                            ; Off                ; Off                ;
+---------------------------------------------------------------------------------+--------------------+--------------------+


+------------------------------------------+
; Parallel Compilation                     ;
+----------------------------+-------------+
; Processors                 ; Number      ;
+----------------------------+-------------+
; Number detected on machine ; 4           ;
; Maximum allowed            ; 2           ;
;                            ;             ;
; Average used               ; 1.00        ;
; Maximum used               ; 2           ;
;                            ;             ;
; Usage by Processor         ; % Time Used ;
;     Processor 1            ; 100.0%      ;
;     Processor 2            ;   0.0%      ;
+----------------------------+-------------+


+----------------------------------------------------------------------------------------------------------------------------------------------------------------------------------------------------+
; Analysis & Synthesis Source Files Read                                                                                                                                                             ;
+----------------------------------------+-----------------+------------------------------+------------------------------------------------------------------------------------------------+---------+
; File Name with User-Entered Path       ; Used in Netlist ; File Type                    ; File Name with Absolute Path                                                                   ; Library ;
+----------------------------------------+-----------------+------------------------------+------------------------------------------------------------------------------------------------+---------+
; ../src/MACs.vhdl                       ; yes             ; User VHDL File               ; /home/juanfelipe/Documents/universidad/tesis/hardware/MACs/src/MACs.vhdl                       ;         ;
; ../src/multiplier.vhdl                 ; yes             ; User VHDL File               ; /home/juanfelipe/Documents/universidad/tesis/hardware/MACs/src/multiplier.vhdl                 ;         ;
; ../src/sub_add/sub_adder.vhd           ; yes             ; User Wizard-Generated File   ; /home/juanfelipe/Documents/universidad/tesis/hardware/MACs/src/sub_add/sub_adder.vhd           ;         ;
; ../src/parallel_add/parallel_adder.vhd ; yes             ; User Wizard-Generated File   ; /home/juanfelipe/Documents/universidad/tesis/hardware/MACs/src/parallel_add/parallel_adder.vhd ;         ;
; parallel_add.tdf                       ; yes             ; Megafunction                 ; /usr/local/quartus/quartus/libraries/megafunctions/parallel_add.tdf                            ;         ;
; pcpa_add.inc                           ; yes             ; Megafunction                 ; /usr/local/quartus/quartus/libraries/megafunctions/pcpa_add.inc                                ;         ;
; csa_add.inc                            ; yes             ; Megafunction                 ; /usr/local/quartus/quartus/libraries/megafunctions/csa_add.inc                                 ;         ;
; altshift.inc                           ; yes             ; Megafunction                 ; /usr/local/quartus/quartus/libraries/megafunctions/altshift.inc                                ;         ;
; aglobal231.inc                         ; yes             ; Megafunction                 ; /usr/local/quartus/quartus/libraries/megafunctions/aglobal231.inc                              ;         ;
; db/par_add_hag.tdf                     ; yes             ; Auto-Generated Megafunction  ; /home/juanfelipe/Documents/universidad/tesis/hardware/MACs/quartus/db/par_add_hag.tdf          ;         ;
; lpm_add_sub.tdf                        ; yes             ; Megafunction                 ; /usr/local/quartus/quartus/libraries/megafunctions/lpm_add_sub.tdf                             ;         ;
; addcore.inc                            ; yes             ; Megafunction                 ; /usr/local/quartus/quartus/libraries/megafunctions/addcore.inc                                 ;         ;
; look_add.inc                           ; yes             ; Megafunction                 ; /usr/local/quartus/quartus/libraries/megafunctions/look_add.inc                                ;         ;
; bypassff.inc                           ; yes             ; Megafunction                 ; /usr/local/quartus/quartus/libraries/megafunctions/bypassff.inc                                ;         ;
; alt_stratix_add_sub.inc                ; yes             ; Megafunction                 ; /usr/local/quartus/quartus/libraries/megafunctions/alt_stratix_add_sub.inc                     ;         ;
; db/add_sub_pgg.tdf                     ; yes             ; Auto-Generated Megafunction  ; /home/juanfelipe/Documents/universidad/tesis/hardware/MACs/quartus/db/add_sub_pgg.tdf          ;         ;
+----------------------------------------+-----------------+------------------------------+------------------------------------------------------------------------------------------------+---------+


+---------------------------------------------------------+
; Analysis & Synthesis Resource Usage Summary             ;
+---------------------------------------------+-----------+
; Resource                                    ; Usage     ;
+---------------------------------------------+-----------+
; Estimate of Logic utilization (ALMs needed) ; 197       ;
;                                             ;           ;
; Combinational ALUT usage for logic          ; 253       ;
;     -- 7 input functions                    ; 0         ;
;     -- 6 input functions                    ; 0         ;
;     -- 5 input functions                    ; 0         ;
;     -- 4 input functions                    ; 8         ;
;     -- <=3 input functions                  ; 245       ;
;                                             ;           ;
; Dedicated logic registers                   ; 264       ;
;                                             ;           ;
; Virtual pins                                ; 54        ;
; I/O pins                                    ; 3         ;
;                                             ;           ;
; Total DSP Blocks                            ; 0         ;
;                                             ;           ;
; Maximum fan-out node                        ; clk~input ;
; Maximum fan-out                             ; 264       ;
; Total fan-out                               ; 1968      ;
; Average fan-out                             ; 3.41      ;
+---------------------------------------------+-----------+


+-----------------------------------------------------------------------------------------------------------------------------------------------------------------------------------------------------------------------------------------------------------------------------------------------------+
; Analysis & Synthesis Resource Utilization by Entity                                                                                                                                                                                                                                                 ;
+------------------------------------------------+---------------------+---------------------------+-------------------+------------+------+--------------+-----------------------------------------------------------------------------------------------------------+----------------+--------------+
; Compilation Hierarchy Node                     ; Combinational ALUTs ; Dedicated Logic Registers ; Block Memory Bits ; DSP Blocks ; Pins ; Virtual Pins ; Full Hierarchy Name                                                                                       ; Entity Name    ; Library Name ;
+------------------------------------------------+---------------------+---------------------------+-------------------+------------+------+--------------+-----------------------------------------------------------------------------------------------------------+----------------+--------------+
; |MACs                                          ; 253 (0)             ; 264 (54)                  ; 0                 ; 0          ; 3    ; 54           ; |MACs                                                                                                     ; MACs           ; work         ;
;    |multiplier:mult|                           ; 232 (89)            ; 210 (2)                   ; 0                 ; 0          ; 0    ; 0            ; |MACs|multiplier:mult                                                                                     ; multiplier     ; work         ;
;       |parallel_adder:adder|                   ; 143 (0)             ; 208 (0)                   ; 0                 ; 0          ; 0    ; 0            ; |MACs|multiplier:mult|parallel_adder:adder                                                                ; parallel_adder ; work         ;
;          |parallel_add:parallel_add_component| ; 143 (0)             ; 208 (0)                   ; 0                 ; 0          ; 0    ; 0            ; |MACs|multiplier:mult|parallel_adder:adder|parallel_add:parallel_add_component                            ; parallel_add   ; work         ;
;             |par_add_hag:auto_generated|       ; 143 (143)           ; 208 (208)                 ; 0                 ; 0          ; 0    ; 0            ; |MACs|multiplier:mult|parallel_adder:adder|parallel_add:parallel_add_component|par_add_hag:auto_generated ; par_add_hag    ; work         ;
;    |sub_adder:add|                             ; 21 (0)              ; 0 (0)                     ; 0                 ; 0          ; 0    ; 0            ; |MACs|sub_adder:add                                                                                       ; sub_adder      ; work         ;
;       |lpm_add_sub:LPM_ADD_SUB_component|      ; 21 (0)              ; 0 (0)                     ; 0                 ; 0          ; 0    ; 0            ; |MACs|sub_adder:add|lpm_add_sub:LPM_ADD_SUB_component                                                     ; lpm_add_sub    ; work         ;
;          |add_sub_pgg:auto_generated|          ; 21 (21)             ; 0 (0)                     ; 0                 ; 0          ; 0    ; 0            ; |MACs|sub_adder:add|lpm_add_sub:LPM_ADD_SUB_component|add_sub_pgg:auto_generated                          ; add_sub_pgg    ; work         ;
+------------------------------------------------+---------------------+---------------------------+-------------------+------------+------+--------------+-----------------------------------------------------------------------------------------------------------+----------------+--------------+
Note: For table entries with two numbers listed, the numbers in parentheses indicate the number of resources of the given type used by the specific entity alone. The numbers listed outside of parentheses indicate the total resources of the given type used by the specific entity and all of its sub-entities in the hierarchy.


+-----------------------------------------------------------------------------------------------------------------------------------------------------+
; Analysis & Synthesis IP Cores Summary                                                                                                               ;
+--------+--------------+---------+--------------+--------------+--------------------------------------------+----------------------------------------+
; Vendor ; IP Core Name ; Version ; Release Date ; License Type ; Entity Instance                            ; IP Include File                        ;
+--------+--------------+---------+--------------+--------------+--------------------------------------------+----------------------------------------+
; Altera ; LPM_ADD_SUB  ; 23.1    ; N/A          ; N/A          ; |MACs|sub_adder:add                        ; ../src/sub_add/sub_adder.vhd           ;
; Altera ; PARALLEL_ADD ; 23.1    ; N/A          ; N/A          ; |MACs|multiplier:mult|parallel_adder:adder ; ../src/parallel_add/parallel_adder.vhd ;
+--------+--------------+---------+--------------+--------------+--------------------------------------------+----------------------------------------+


+------------------------------------------------------+
; General Register Statistics                          ;
+----------------------------------------------+-------+
; Statistic                                    ; Value ;
+----------------------------------------------+-------+
; Total registers                              ; 264   ;
; Number of registers using Synchronous Clear  ; 152   ;
; Number of registers using Synchronous Load   ; 0     ;
; Number of registers using Asynchronous Clear ; 264   ;
; Number of registers using Asynchronous Load  ; 0     ;
; Number of registers using Clock Enable       ; 228   ;
; Number of registers using Preset             ; 0     ;
+----------------------------------------------+-------+


+----------------------------------------------------------------------------------------------------------------------------+
; Source assignments for multiplier:mult|parallel_adder:adder|parallel_add:parallel_add_component|par_add_hag:auto_generated ;
+----------------+-------+------+--------------------------------------------------------------------------------------------+
; Assignment     ; Value ; From ; To                                                                                         ;
+----------------+-------+------+--------------------------------------------------------------------------------------------+
; POWER_UP_LEVEL ; LOW   ; -    ; dffe1                                                                                      ;
; POWER_UP_LEVEL ; LOW   ; -    ; dffe10                                                                                     ;
; POWER_UP_LEVEL ; LOW   ; -    ; dffe100                                                                                    ;
; POWER_UP_LEVEL ; LOW   ; -    ; dffe101                                                                                    ;
; POWER_UP_LEVEL ; LOW   ; -    ; dffe102                                                                                    ;
; POWER_UP_LEVEL ; LOW   ; -    ; dffe103                                                                                    ;
; POWER_UP_LEVEL ; LOW   ; -    ; dffe104                                                                                    ;
; POWER_UP_LEVEL ; LOW   ; -    ; dffe105                                                                                    ;
; POWER_UP_LEVEL ; LOW   ; -    ; dffe106                                                                                    ;
; POWER_UP_LEVEL ; LOW   ; -    ; dffe107                                                                                    ;
; POWER_UP_LEVEL ; LOW   ; -    ; dffe108                                                                                    ;
; POWER_UP_LEVEL ; LOW   ; -    ; dffe109                                                                                    ;
; POWER_UP_LEVEL ; LOW   ; -    ; dffe11                                                                                     ;
; POWER_UP_LEVEL ; LOW   ; -    ; dffe110                                                                                    ;
; POWER_UP_LEVEL ; LOW   ; -    ; dffe111                                                                                    ;
; POWER_UP_LEVEL ; LOW   ; -    ; dffe112                                                                                    ;
; POWER_UP_LEVEL ; LOW   ; -    ; dffe113                                                                                    ;
; POWER_UP_LEVEL ; LOW   ; -    ; dffe114                                                                                    ;
; POWER_UP_LEVEL ; LOW   ; -    ; dffe115                                                                                    ;
; POWER_UP_LEVEL ; LOW   ; -    ; dffe116                                                                                    ;
; POWER_UP_LEVEL ; LOW   ; -    ; dffe117                                                                                    ;
; POWER_UP_LEVEL ; LOW   ; -    ; dffe118                                                                                    ;
; POWER_UP_LEVEL ; LOW   ; -    ; dffe119                                                                                    ;
; POWER_UP_LEVEL ; LOW   ; -    ; dffe12                                                                                     ;
; POWER_UP_LEVEL ; LOW   ; -    ; dffe120                                                                                    ;
; POWER_UP_LEVEL ; LOW   ; -    ; dffe121                                                                                    ;
; POWER_UP_LEVEL ; LOW   ; -    ; dffe122                                                                                    ;
; POWER_UP_LEVEL ; LOW   ; -    ; dffe123                                                                                    ;
; POWER_UP_LEVEL ; LOW   ; -    ; dffe124                                                                                    ;
; POWER_UP_LEVEL ; LOW   ; -    ; dffe125                                                                                    ;
; POWER_UP_LEVEL ; LOW   ; -    ; dffe126                                                                                    ;
; POWER_UP_LEVEL ; LOW   ; -    ; dffe127                                                                                    ;
; POWER_UP_LEVEL ; LOW   ; -    ; dffe128                                                                                    ;
; POWER_UP_LEVEL ; LOW   ; -    ; dffe129                                                                                    ;
; POWER_UP_LEVEL ; LOW   ; -    ; dffe13                                                                                     ;
; POWER_UP_LEVEL ; LOW   ; -    ; dffe130                                                                                    ;
; POWER_UP_LEVEL ; LOW   ; -    ; dffe131                                                                                    ;
; POWER_UP_LEVEL ; LOW   ; -    ; dffe132                                                                                    ;
; POWER_UP_LEVEL ; LOW   ; -    ; dffe133                                                                                    ;
; POWER_UP_LEVEL ; LOW   ; -    ; dffe134                                                                                    ;
; POWER_UP_LEVEL ; LOW   ; -    ; dffe135                                                                                    ;
; POWER_UP_LEVEL ; LOW   ; -    ; dffe136                                                                                    ;
; POWER_UP_LEVEL ; LOW   ; -    ; dffe137                                                                                    ;
; POWER_UP_LEVEL ; LOW   ; -    ; dffe138                                                                                    ;
; POWER_UP_LEVEL ; LOW   ; -    ; dffe139                                                                                    ;
; POWER_UP_LEVEL ; LOW   ; -    ; dffe14                                                                                     ;
; POWER_UP_LEVEL ; LOW   ; -    ; dffe140                                                                                    ;
; POWER_UP_LEVEL ; LOW   ; -    ; dffe141                                                                                    ;
; POWER_UP_LEVEL ; LOW   ; -    ; dffe142                                                                                    ;
; POWER_UP_LEVEL ; LOW   ; -    ; dffe143                                                                                    ;
; POWER_UP_LEVEL ; LOW   ; -    ; dffe144                                                                                    ;
; POWER_UP_LEVEL ; LOW   ; -    ; dffe145                                                                                    ;
; POWER_UP_LEVEL ; LOW   ; -    ; dffe146                                                                                    ;
; POWER_UP_LEVEL ; LOW   ; -    ; dffe147                                                                                    ;
; POWER_UP_LEVEL ; LOW   ; -    ; dffe148                                                                                    ;
; POWER_UP_LEVEL ; LOW   ; -    ; dffe149                                                                                    ;
; POWER_UP_LEVEL ; LOW   ; -    ; dffe15                                                                                     ;
; POWER_UP_LEVEL ; LOW   ; -    ; dffe150                                                                                    ;
; POWER_UP_LEVEL ; LOW   ; -    ; dffe151                                                                                    ;
; POWER_UP_LEVEL ; LOW   ; -    ; dffe152                                                                                    ;
; POWER_UP_LEVEL ; LOW   ; -    ; dffe153                                                                                    ;
; POWER_UP_LEVEL ; LOW   ; -    ; dffe154                                                                                    ;
; POWER_UP_LEVEL ; LOW   ; -    ; dffe155                                                                                    ;
; POWER_UP_LEVEL ; LOW   ; -    ; dffe156                                                                                    ;
; POWER_UP_LEVEL ; LOW   ; -    ; dffe157                                                                                    ;
; POWER_UP_LEVEL ; LOW   ; -    ; dffe158                                                                                    ;
; POWER_UP_LEVEL ; LOW   ; -    ; dffe159                                                                                    ;
; POWER_UP_LEVEL ; LOW   ; -    ; dffe16                                                                                     ;
; POWER_UP_LEVEL ; LOW   ; -    ; dffe160                                                                                    ;
; POWER_UP_LEVEL ; LOW   ; -    ; dffe161                                                                                    ;
; POWER_UP_LEVEL ; LOW   ; -    ; dffe162                                                                                    ;
; POWER_UP_LEVEL ; LOW   ; -    ; dffe163                                                                                    ;
; POWER_UP_LEVEL ; LOW   ; -    ; dffe164                                                                                    ;
; POWER_UP_LEVEL ; LOW   ; -    ; dffe165                                                                                    ;
; POWER_UP_LEVEL ; LOW   ; -    ; dffe166                                                                                    ;
; POWER_UP_LEVEL ; LOW   ; -    ; dffe167                                                                                    ;
; POWER_UP_LEVEL ; LOW   ; -    ; dffe168                                                                                    ;
; POWER_UP_LEVEL ; LOW   ; -    ; dffe169                                                                                    ;
; POWER_UP_LEVEL ; LOW   ; -    ; dffe17                                                                                     ;
; POWER_UP_LEVEL ; LOW   ; -    ; dffe170                                                                                    ;
; POWER_UP_LEVEL ; LOW   ; -    ; dffe171                                                                                    ;
; POWER_UP_LEVEL ; LOW   ; -    ; dffe172                                                                                    ;
; POWER_UP_LEVEL ; LOW   ; -    ; dffe173                                                                                    ;
; POWER_UP_LEVEL ; LOW   ; -    ; dffe174                                                                                    ;
; POWER_UP_LEVEL ; LOW   ; -    ; dffe175                                                                                    ;
; POWER_UP_LEVEL ; LOW   ; -    ; dffe176                                                                                    ;
; POWER_UP_LEVEL ; LOW   ; -    ; dffe177                                                                                    ;
; POWER_UP_LEVEL ; LOW   ; -    ; dffe178                                                                                    ;
; POWER_UP_LEVEL ; LOW   ; -    ; dffe179                                                                                    ;
; POWER_UP_LEVEL ; LOW   ; -    ; dffe18                                                                                     ;
; POWER_UP_LEVEL ; LOW   ; -    ; dffe180                                                                                    ;
; POWER_UP_LEVEL ; LOW   ; -    ; dffe181                                                                                    ;
; POWER_UP_LEVEL ; LOW   ; -    ; dffe182                                                                                    ;
; POWER_UP_LEVEL ; LOW   ; -    ; dffe183                                                                                    ;
; POWER_UP_LEVEL ; LOW   ; -    ; dffe184                                                                                    ;
; POWER_UP_LEVEL ; LOW   ; -    ; dffe185                                                                                    ;
; POWER_UP_LEVEL ; LOW   ; -    ; dffe186                                                                                    ;
; POWER_UP_LEVEL ; LOW   ; -    ; dffe187                                                                                    ;
; POWER_UP_LEVEL ; LOW   ; -    ; dffe188                                                                                    ;
; POWER_UP_LEVEL ; LOW   ; -    ; dffe189                                                                                    ;
; POWER_UP_LEVEL ; LOW   ; -    ; dffe19                                                                                     ;
; POWER_UP_LEVEL ; LOW   ; -    ; dffe190                                                                                    ;
; POWER_UP_LEVEL ; LOW   ; -    ; dffe191                                                                                    ;
; POWER_UP_LEVEL ; LOW   ; -    ; dffe192                                                                                    ;
; POWER_UP_LEVEL ; LOW   ; -    ; dffe193                                                                                    ;
; POWER_UP_LEVEL ; LOW   ; -    ; dffe194                                                                                    ;
; POWER_UP_LEVEL ; LOW   ; -    ; dffe195                                                                                    ;
; POWER_UP_LEVEL ; LOW   ; -    ; dffe196                                                                                    ;
; POWER_UP_LEVEL ; LOW   ; -    ; dffe197                                                                                    ;
; POWER_UP_LEVEL ; LOW   ; -    ; dffe198                                                                                    ;
; POWER_UP_LEVEL ; LOW   ; -    ; dffe199                                                                                    ;
; POWER_UP_LEVEL ; LOW   ; -    ; dffe2                                                                                      ;
; POWER_UP_LEVEL ; LOW   ; -    ; dffe20                                                                                     ;
; POWER_UP_LEVEL ; LOW   ; -    ; dffe200                                                                                    ;
; POWER_UP_LEVEL ; LOW   ; -    ; dffe201                                                                                    ;
; POWER_UP_LEVEL ; LOW   ; -    ; dffe202                                                                                    ;
; POWER_UP_LEVEL ; LOW   ; -    ; dffe203                                                                                    ;
; POWER_UP_LEVEL ; LOW   ; -    ; dffe204                                                                                    ;
; POWER_UP_LEVEL ; LOW   ; -    ; dffe205                                                                                    ;
; POWER_UP_LEVEL ; LOW   ; -    ; dffe206                                                                                    ;
; POWER_UP_LEVEL ; LOW   ; -    ; dffe207                                                                                    ;
; POWER_UP_LEVEL ; LOW   ; -    ; dffe208                                                                                    ;
; POWER_UP_LEVEL ; LOW   ; -    ; dffe209                                                                                    ;
; POWER_UP_LEVEL ; LOW   ; -    ; dffe21                                                                                     ;
; POWER_UP_LEVEL ; LOW   ; -    ; dffe22                                                                                     ;
; POWER_UP_LEVEL ; LOW   ; -    ; dffe23                                                                                     ;
; POWER_UP_LEVEL ; LOW   ; -    ; dffe24                                                                                     ;
; POWER_UP_LEVEL ; LOW   ; -    ; dffe25                                                                                     ;
; POWER_UP_LEVEL ; LOW   ; -    ; dffe26                                                                                     ;
; POWER_UP_LEVEL ; LOW   ; -    ; dffe27                                                                                     ;
; POWER_UP_LEVEL ; LOW   ; -    ; dffe28                                                                                     ;
; POWER_UP_LEVEL ; LOW   ; -    ; dffe29                                                                                     ;
; POWER_UP_LEVEL ; LOW   ; -    ; dffe3                                                                                      ;
; POWER_UP_LEVEL ; LOW   ; -    ; dffe30                                                                                     ;
; POWER_UP_LEVEL ; LOW   ; -    ; dffe31                                                                                     ;
; POWER_UP_LEVEL ; LOW   ; -    ; dffe32                                                                                     ;
; POWER_UP_LEVEL ; LOW   ; -    ; dffe33                                                                                     ;
; POWER_UP_LEVEL ; LOW   ; -    ; dffe34                                                                                     ;
; POWER_UP_LEVEL ; LOW   ; -    ; dffe35                                                                                     ;
; POWER_UP_LEVEL ; LOW   ; -    ; dffe36                                                                                     ;
; POWER_UP_LEVEL ; LOW   ; -    ; dffe37                                                                                     ;
; POWER_UP_LEVEL ; LOW   ; -    ; dffe38                                                                                     ;
; POWER_UP_LEVEL ; LOW   ; -    ; dffe39                                                                                     ;
; POWER_UP_LEVEL ; LOW   ; -    ; dffe4                                                                                      ;
; POWER_UP_LEVEL ; LOW   ; -    ; dffe40                                                                                     ;
; POWER_UP_LEVEL ; LOW   ; -    ; dffe41                                                                                     ;
; POWER_UP_LEVEL ; LOW   ; -    ; dffe42                                                                                     ;
; POWER_UP_LEVEL ; LOW   ; -    ; dffe43                                                                                     ;
; POWER_UP_LEVEL ; LOW   ; -    ; dffe44                                                                                     ;
; POWER_UP_LEVEL ; LOW   ; -    ; dffe45                                                                                     ;
; POWER_UP_LEVEL ; LOW   ; -    ; dffe46                                                                                     ;
; POWER_UP_LEVEL ; LOW   ; -    ; dffe47                                                                                     ;
; POWER_UP_LEVEL ; LOW   ; -    ; dffe48                                                                                     ;
; POWER_UP_LEVEL ; LOW   ; -    ; dffe49                                                                                     ;
; POWER_UP_LEVEL ; LOW   ; -    ; dffe5                                                                                      ;
; POWER_UP_LEVEL ; LOW   ; -    ; dffe50                                                                                     ;
; POWER_UP_LEVEL ; LOW   ; -    ; dffe51                                                                                     ;
; POWER_UP_LEVEL ; LOW   ; -    ; dffe52                                                                                     ;
; POWER_UP_LEVEL ; LOW   ; -    ; dffe53                                                                                     ;
; POWER_UP_LEVEL ; LOW   ; -    ; dffe54                                                                                     ;
; POWER_UP_LEVEL ; LOW   ; -    ; dffe55                                                                                     ;
; POWER_UP_LEVEL ; LOW   ; -    ; dffe56                                                                                     ;
; POWER_UP_LEVEL ; LOW   ; -    ; dffe57                                                                                     ;
; POWER_UP_LEVEL ; LOW   ; -    ; dffe58                                                                                     ;
; POWER_UP_LEVEL ; LOW   ; -    ; dffe59                                                                                     ;
; POWER_UP_LEVEL ; LOW   ; -    ; dffe6                                                                                      ;
; POWER_UP_LEVEL ; LOW   ; -    ; dffe60                                                                                     ;
; POWER_UP_LEVEL ; LOW   ; -    ; dffe61                                                                                     ;
; POWER_UP_LEVEL ; LOW   ; -    ; dffe62                                                                                     ;
; POWER_UP_LEVEL ; LOW   ; -    ; dffe63                                                                                     ;
; POWER_UP_LEVEL ; LOW   ; -    ; dffe64                                                                                     ;
; POWER_UP_LEVEL ; LOW   ; -    ; dffe65                                                                                     ;
; POWER_UP_LEVEL ; LOW   ; -    ; dffe66                                                                                     ;
; POWER_UP_LEVEL ; LOW   ; -    ; dffe67                                                                                     ;
; POWER_UP_LEVEL ; LOW   ; -    ; dffe68                                                                                     ;
; POWER_UP_LEVEL ; LOW   ; -    ; dffe69                                                                                     ;
; POWER_UP_LEVEL ; LOW   ; -    ; dffe7                                                                                      ;
; POWER_UP_LEVEL ; LOW   ; -    ; dffe70                                                                                     ;
; POWER_UP_LEVEL ; LOW   ; -    ; dffe71                                                                                     ;
; POWER_UP_LEVEL ; LOW   ; -    ; dffe72                                                                                     ;
; POWER_UP_LEVEL ; LOW   ; -    ; dffe73                                                                                     ;
; POWER_UP_LEVEL ; LOW   ; -    ; dffe74                                                                                     ;
; POWER_UP_LEVEL ; LOW   ; -    ; dffe75                                                                                     ;
; POWER_UP_LEVEL ; LOW   ; -    ; dffe76                                                                                     ;
; POWER_UP_LEVEL ; LOW   ; -    ; dffe77                                                                                     ;
; POWER_UP_LEVEL ; LOW   ; -    ; dffe78                                                                                     ;
; POWER_UP_LEVEL ; LOW   ; -    ; dffe79                                                                                     ;
; POWER_UP_LEVEL ; LOW   ; -    ; dffe8                                                                                      ;
; POWER_UP_LEVEL ; LOW   ; -    ; dffe80                                                                                     ;
; POWER_UP_LEVEL ; LOW   ; -    ; dffe81                                                                                     ;
; POWER_UP_LEVEL ; LOW   ; -    ; dffe82                                                                                     ;
; POWER_UP_LEVEL ; LOW   ; -    ; dffe83                                                                                     ;
; POWER_UP_LEVEL ; LOW   ; -    ; dffe84                                                                                     ;
; POWER_UP_LEVEL ; LOW   ; -    ; dffe85                                                                                     ;
; POWER_UP_LEVEL ; LOW   ; -    ; dffe86                                                                                     ;
; POWER_UP_LEVEL ; LOW   ; -    ; dffe87                                                                                     ;
; POWER_UP_LEVEL ; LOW   ; -    ; dffe88                                                                                     ;
; POWER_UP_LEVEL ; LOW   ; -    ; dffe89                                                                                     ;
; POWER_UP_LEVEL ; LOW   ; -    ; dffe9                                                                                      ;
; POWER_UP_LEVEL ; LOW   ; -    ; dffe90                                                                                     ;
; POWER_UP_LEVEL ; LOW   ; -    ; dffe91                                                                                     ;
; POWER_UP_LEVEL ; LOW   ; -    ; dffe92                                                                                     ;
; POWER_UP_LEVEL ; LOW   ; -    ; dffe93                                                                                     ;
; POWER_UP_LEVEL ; LOW   ; -    ; dffe94                                                                                     ;
; POWER_UP_LEVEL ; LOW   ; -    ; dffe95                                                                                     ;
; POWER_UP_LEVEL ; LOW   ; -    ; dffe96                                                                                     ;
; POWER_UP_LEVEL ; LOW   ; -    ; dffe97                                                                                     ;
; POWER_UP_LEVEL ; LOW   ; -    ; dffe98                                                                                     ;
; POWER_UP_LEVEL ; LOW   ; -    ; dffe99                                                                                     ;
+----------------+-------+------+--------------------------------------------------------------------------------------------+


+----------------------------------------------------------------------+
; Parameter Settings for User Entity Instance: Top-level Entity: |MACs ;
+----------------+-------+---------------------------------------------+
; Parameter Name ; Value ; Type                                        ;
+----------------+-------+---------------------------------------------+
; mult_bits      ; 16    ; Signed Integer                              ;
; sum_bits       ; 20    ; Signed Integer                              ;
+----------------+-------+---------------------------------------------+
Note: In order to hide this table in the UI and the text report file, please set the "Show Parameter Settings in Synthesis Report" option in "Analysis and Synthesis Settings -> More Settings" to "Off".


+--------------------------------------------------------------+
; Parameter Settings for User Entity Instance: multiplier:mult ;
+----------------+-------+-------------------------------------+
; Parameter Name ; Value ; Type                                ;
+----------------+-------+-------------------------------------+
; bits           ; 16    ; Signed Integer                      ;
+----------------+-------+-------------------------------------+
Note: In order to hide this table in the UI and the text report file, please set the "Show Parameter Settings in Synthesis Report" option in "Analysis and Synthesis Settings -> More Settings" to "Off".


+-----------------------------------------------------------------------------------------------------------------------+
; Parameter Settings for User Entity Instance: multiplier:mult|parallel_adder:adder|parallel_add:parallel_add_component ;
+------------------------+-------------+--------------------------------------------------------------------------------+
; Parameter Name         ; Value       ; Type                                                                           ;
+------------------------+-------------+--------------------------------------------------------------------------------+
; width                  ; 16          ; Signed Integer                                                                 ;
; size                   ; 16          ; Signed Integer                                                                 ;
; WIDTHR                 ; 32          ; Signed Integer                                                                 ;
; SHIFT                  ; 1           ; Signed Integer                                                                 ;
; REPRESENTATION         ; UNSIGNED    ; Untyped                                                                        ;
; PIPELINE               ; 1           ; Signed Integer                                                                 ;
; MSW_SUBTRACT           ; NO          ; Untyped                                                                        ;
; DEVICE_FAMILY          ; Cyclone V   ; Untyped                                                                        ;
; CARRY_CHAIN            ; MANUAL      ; Untyped                                                                        ;
; CBXI_PARAMETER         ; par_add_hag ; Untyped                                                                        ;
; AUTO_CARRY_CHAINS      ; ON          ; AUTO_CARRY                                                                     ;
; IGNORE_CARRY_BUFFERS   ; OFF         ; IGNORE_CARRY                                                                   ;
; AUTO_CASCADE_CHAINS    ; ON          ; AUTO_CASCADE                                                                   ;
; IGNORE_CASCADE_BUFFERS ; OFF         ; IGNORE_CASCADE                                                                 ;
+------------------------+-------------+--------------------------------------------------------------------------------+
Note: In order to hide this table in the UI and the text report file, please set the "Show Parameter Settings in Synthesis Report" option in "Analysis and Synthesis Settings -> More Settings" to "Off".


+----------------------------------------------------------------------------------------------+
; Parameter Settings for User Entity Instance: sub_adder:add|lpm_add_sub:LPM_ADD_SUB_component ;
+------------------------+-------------+-------------------------------------------------------+
; Parameter Name         ; Value       ; Type                                                  ;
+------------------------+-------------+-------------------------------------------------------+
; LPM_WIDTH              ; 20          ; Signed Integer                                        ;
; LPM_REPRESENTATION     ; UNSIGNED    ; Untyped                                               ;
; LPM_DIRECTION          ; DEFAULT     ; Untyped                                               ;
; ONE_INPUT_IS_CONSTANT  ; NO          ; Untyped                                               ;
; LPM_PIPELINE           ; 0           ; Untyped                                               ;
; MAXIMIZE_SPEED         ; 5           ; Untyped                                               ;
; REGISTERED_AT_END      ; 0           ; Untyped                                               ;
; OPTIMIZE_FOR_SPEED     ; 5           ; Untyped                                               ;
; USE_CS_BUFFERS         ; 1           ; Untyped                                               ;
; CARRY_CHAIN            ; MANUAL      ; Untyped                                               ;
; CARRY_CHAIN_LENGTH     ; 48          ; CARRY_CHAIN_LENGTH                                    ;
; DEVICE_FAMILY          ; Cyclone V   ; Untyped                                               ;
; USE_WYS                ; OFF         ; Untyped                                               ;
; STYLE                  ; FAST        ; Untyped                                               ;
; CBXI_PARAMETER         ; add_sub_pgg ; Untyped                                               ;
; AUTO_CARRY_CHAINS      ; ON          ; AUTO_CARRY                                            ;
; IGNORE_CARRY_BUFFERS   ; OFF         ; IGNORE_CARRY                                          ;
; AUTO_CASCADE_CHAINS    ; ON          ; AUTO_CASCADE                                          ;
; IGNORE_CASCADE_BUFFERS ; OFF         ; IGNORE_CASCADE                                        ;
+------------------------+-------------+-------------------------------------------------------+
Note: In order to hide this table in the UI and the text report file, please set the "Show Parameter Settings in Synthesis Report" option in "Analysis and Synthesis Settings -> More Settings" to "Off".


+-------------------------------------------------+
; Port Connectivity Checks: "sub_adder:add"       ;
+---------------+-------+----------+--------------+
; Port          ; Type  ; Severity ; Details      ;
+---------------+-------+----------+--------------+
; datab[19..16] ; Input ; Info     ; Stuck at GND ;
+---------------+-------+----------+--------------+


+-------------------------------------------------------------------------------------------------------------------------+
; Port Connectivity Checks: "multiplier:mult|parallel_adder:adder"                                                        ;
+---------------+--------+----------+-------------------------------------------------------------------------------------+
; Port          ; Type   ; Severity ; Details                                                                             ;
+---------------+--------+----------+-------------------------------------------------------------------------------------+
; result[15..0] ; Output ; Info     ; Connected to dangling logic. Logic that only feeds a dangling port will be removed. ;
+---------------+--------+----------+-------------------------------------------------------------------------------------+


+-----------------------------------------------------+
; Post-Synthesis Netlist Statistics for Top Partition ;
+-----------------------+-----------------------------+
; Type                  ; Count                       ;
+-----------------------+-----------------------------+
; arriav_ff             ; 264                         ;
;     CLR               ; 36                          ;
;     ENA CLR           ; 76                          ;
;     ENA CLR SCLR      ; 152                         ;
; arriav_lcell_comb     ; 253                         ;
;     arith             ; 21                          ;
;         1 data inputs ; 1                           ;
;         2 data inputs ; 4                           ;
;         3 data inputs ; 16                          ;
;     normal            ; 89                          ;
;         2 data inputs ; 89                          ;
;     shared            ; 143                         ;
;         0 data inputs ; 15                          ;
;         2 data inputs ; 9                           ;
;         3 data inputs ; 111                         ;
;         4 data inputs ; 8                           ;
; boundary_port         ; 57                          ;
;                       ;                             ;
; Max LUT depth         ; 6.20                        ;
; Average LUT depth     ; 4.28                        ;
+-----------------------+-----------------------------+


+-------------------------------+
; Elapsed Time Per Partition    ;
+----------------+--------------+
; Partition Name ; Elapsed Time ;
+----------------+--------------+
; Top            ; 00:00:00     ;
+----------------+--------------+


+-------------------------------+
; Analysis & Synthesis Messages ;
+-------------------------------+
Info: *******************************************************************
Info: Running Quartus Prime Analysis & Synthesis
    Info: Version 23.1std.0 Build 991 11/28/2023 SC Lite Edition
    Info: Processing started: Tue Feb 13 11:26:01 2024
Info: Command: quartus_map --read_settings_files=on --write_settings_files=off MACs -c MACs
Warning (18236): Number of processors has not been specified which may cause overloading on shared machines.  Set the global assignment NUM_PARALLEL_PROCESSORS in your QSF to an appropriate value for best performance.
Info (20030): Parallel compilation is enabled and will use 2 of the 2 processors detected
Info (12021): Found 2 design units, including 1 entities, in source file /home/juanfelipe/Documents/universidad/tesis/hardware/MACs/src/MACs.vhdl
    Info (12022): Found design unit 1: MACs-rtl File: /home/juanfelipe/Documents/universidad/tesis/hardware/MACs/src/MACs.vhdl Line: 20
    Info (12023): Found entity 1: MACs File: /home/juanfelipe/Documents/universidad/tesis/hardware/MACs/src/MACs.vhdl Line: 5
Info (12021): Found 2 design units, including 1 entities, in source file /home/juanfelipe/Documents/universidad/tesis/hardware/MACs/src/multiplier.vhdl
    Info (12022): Found design unit 1: multiplier-rtl File: /home/juanfelipe/Documents/universidad/tesis/hardware/MACs/src/multiplier.vhdl Line: 20
    Info (12023): Found entity 1: multiplier File: /home/juanfelipe/Documents/universidad/tesis/hardware/MACs/src/multiplier.vhdl Line: 5
Info (12021): Found 2 design units, including 1 entities, in source file /home/juanfelipe/Documents/universidad/tesis/hardware/MACs/src/sub_add/sub_adder.vhd
    Info (12022): Found design unit 1: sub_adder-SYN File: /home/juanfelipe/Documents/universidad/tesis/hardware/MACs/src/sub_add/sub_adder.vhd Line: 54
    Info (12023): Found entity 1: sub_adder File: /home/juanfelipe/Documents/universidad/tesis/hardware/MACs/src/sub_add/sub_adder.vhd Line: 43
Info (12021): Found 2 design units, including 1 entities, in source file /home/juanfelipe/Documents/universidad/tesis/hardware/MACs/src/parallel_add/parallel_adder.vhd
    Info (12022): Found design unit 1: parallel_adder-SYN File: /home/juanfelipe/Documents/universidad/tesis/hardware/MACs/src/parallel_add/parallel_adder.vhd Line: 70
    Info (12023): Found entity 1: parallel_adder File: /home/juanfelipe/Documents/universidad/tesis/hardware/MACs/src/parallel_add/parallel_adder.vhd Line: 43
Info (12127): Elaborating entity "MACs" for the top level hierarchy
Info (12128): Elaborating entity "multiplier" for hierarchy "multiplier:mult" File: /home/juanfelipe/Documents/universidad/tesis/hardware/MACs/src/MACs.vhdl Line: 46
Info (12128): Elaborating entity "parallel_adder" for hierarchy "multiplier:mult|parallel_adder:adder" File: /home/juanfelipe/Documents/universidad/tesis/hardware/MACs/src/multiplier.vhdl Line: 78
Info (12128): Elaborating entity "parallel_add" for hierarchy "multiplier:mult|parallel_adder:adder|parallel_add:parallel_add_component" File: /home/juanfelipe/Documents/universidad/tesis/hardware/MACs/src/parallel_add/parallel_adder.vhd Line: 368
Info (12130): Elaborated megafunction instantiation "multiplier:mult|parallel_adder:adder|parallel_add:parallel_add_component" File: /home/juanfelipe/Documents/universidad/tesis/hardware/MACs/src/parallel_add/parallel_adder.vhd Line: 368
Info (12133): Instantiated megafunction "multiplier:mult|parallel_adder:adder|parallel_add:parallel_add_component" with the following parameter: File: /home/juanfelipe/Documents/universidad/tesis/hardware/MACs/src/parallel_add/parallel_adder.vhd Line: 368
    Info (12134): Parameter "width" = "16"
    Info (12134): Parameter "size" = "16"
    Info (12134): Parameter "widthr" = "32"
    Info (12134): Parameter "shift" = "1"
    Info (12134): Parameter "msw_subtract" = "NO"
    Info (12134): Parameter "representation" = "UNSIGNED"
    Info (12134): Parameter "pipeline" = "1"
    Info (12134): Parameter "result_alignment" = "LSB"
    Info (12134): Parameter "lpm_hint" = "UNUSED"
    Info (12134): Parameter "lpm_type" = "parallel_add"
Info (12021): Found 1 design units, including 1 entities, in source file db/par_add_hag.tdf
    Info (12023): Found entity 1: par_add_hag File: /home/juanfelipe/Documents/universidad/tesis/hardware/MACs/quartus/db/par_add_hag.tdf Line: 31
Info (12128): Elaborating entity "par_add_hag" for hierarchy "multiplier:mult|parallel_adder:adder|parallel_add:parallel_add_component|par_add_hag:auto_generated" File: /usr/local/quartus/quartus/libraries/megafunctions/parallel_add.tdf Line: 148
Info (12128): Elaborating entity "sub_adder" for hierarchy "sub_adder:add" File: /home/juanfelipe/Documents/universidad/tesis/hardware/MACs/src/MACs.vhdl Line: 60
Info (12128): Elaborating entity "lpm_add_sub" for hierarchy "sub_adder:add|lpm_add_sub:LPM_ADD_SUB_component" File: /home/juanfelipe/Documents/universidad/tesis/hardware/MACs/src/sub_add/sub_adder.vhd Line: 79
Info (12130): Elaborated megafunction instantiation "sub_adder:add|lpm_add_sub:LPM_ADD_SUB_component" File: /home/juanfelipe/Documents/universidad/tesis/hardware/MACs/src/sub_add/sub_adder.vhd Line: 79
Info (12133): Instantiated megafunction "sub_adder:add|lpm_add_sub:LPM_ADD_SUB_component" with the following parameter: File: /home/juanfelipe/Documents/universidad/tesis/hardware/MACs/src/sub_add/sub_adder.vhd Line: 79
    Info (12134): Parameter "lpm_direction" = "UNUSED"
    Info (12134): Parameter "lpm_hint" = "ONE_INPUT_IS_CONSTANT=NO,CIN_USED=NO"
    Info (12134): Parameter "lpm_representation" = "UNSIGNED"
    Info (12134): Parameter "lpm_type" = "LPM_ADD_SUB"
    Info (12134): Parameter "lpm_width" = "20"
Info (12021): Found 1 design units, including 1 entities, in source file db/add_sub_pgg.tdf
    Info (12023): Found entity 1: add_sub_pgg File: /home/juanfelipe/Documents/universidad/tesis/hardware/MACs/quartus/db/add_sub_pgg.tdf Line: 26
Info (12128): Elaborating entity "add_sub_pgg" for hierarchy "sub_adder:add|lpm_add_sub:LPM_ADD_SUB_component|add_sub_pgg:auto_generated" File: /usr/local/quartus/quartus/libraries/megafunctions/lpm_add_sub.tdf Line: 119
Info (13014): Ignored 495 buffer(s)
    Info (13019): Ignored 495 SOFT buffer(s)
Info (286030): Timing-Driven Synthesis is running
Info (16010): Generating hard_block partition "hard_block:auto_generated_inst"
    Info (16011): Adding 0 node(s), including 0 DDIO, 0 PLL, 0 transceiver and 0 LCELL
Info (15717): Design contains 54 virtual pins; timing numbers associated with paths containing virtual pins are estimates
    Info (15719): Pin "res[0]" is virtual output pin File: /home/juanfelipe/Documents/universidad/tesis/hardware/MACs/src/MACs.vhdl Line: 16
    Info (15719): Pin "res[1]" is virtual output pin File: /home/juanfelipe/Documents/universidad/tesis/hardware/MACs/src/MACs.vhdl Line: 16
    Info (15719): Pin "res[2]" is virtual output pin File: /home/juanfelipe/Documents/universidad/tesis/hardware/MACs/src/MACs.vhdl Line: 16
    Info (15719): Pin "res[3]" is virtual output pin File: /home/juanfelipe/Documents/universidad/tesis/hardware/MACs/src/MACs.vhdl Line: 16
    Info (15719): Pin "res[4]" is virtual output pin File: /home/juanfelipe/Documents/universidad/tesis/hardware/MACs/src/MACs.vhdl Line: 16
    Info (15719): Pin "res[5]" is virtual output pin File: /home/juanfelipe/Documents/universidad/tesis/hardware/MACs/src/MACs.vhdl Line: 16
    Info (15719): Pin "res[6]" is virtual output pin File: /home/juanfelipe/Documents/universidad/tesis/hardware/MACs/src/MACs.vhdl Line: 16
    Info (15719): Pin "res[7]" is virtual output pin File: /home/juanfelipe/Documents/universidad/tesis/hardware/MACs/src/MACs.vhdl Line: 16
    Info (15719): Pin "res[8]" is virtual output pin File: /home/juanfelipe/Documents/universidad/tesis/hardware/MACs/src/MACs.vhdl Line: 16
    Info (15719): Pin "res[9]" is virtual output pin File: /home/juanfelipe/Documents/universidad/tesis/hardware/MACs/src/MACs.vhdl Line: 16
    Info (15719): Pin "res[10]" is virtual output pin File: /home/juanfelipe/Documents/universidad/tesis/hardware/MACs/src/MACs.vhdl Line: 16
    Info (15719): Pin "res[11]" is virtual output pin File: /home/juanfelipe/Documents/universidad/tesis/hardware/MACs/src/MACs.vhdl Line: 16
    Info (15719): Pin "res[12]" is virtual output pin File: /home/juanfelipe/Documents/universidad/tesis/hardware/MACs/src/MACs.vhdl Line: 16
    Info (15719): Pin "res[13]" is virtual output pin File: /home/juanfelipe/Documents/universidad/tesis/hardware/MACs/src/MACs.vhdl Line: 16
    Info (15719): Pin "res[14]" is virtual output pin File: /home/juanfelipe/Documents/universidad/tesis/hardware/MACs/src/MACs.vhdl Line: 16
    Info (15719): Pin "res[15]" is virtual output pin File: /home/juanfelipe/Documents/universidad/tesis/hardware/MACs/src/MACs.vhdl Line: 16
    Info (15719): Pin "res[16]" is virtual output pin File: /home/juanfelipe/Documents/universidad/tesis/hardware/MACs/src/MACs.vhdl Line: 16
    Info (15719): Pin "res[17]" is virtual output pin File: /home/juanfelipe/Documents/universidad/tesis/hardware/MACs/src/MACs.vhdl Line: 16
    Info (15719): Pin "res[18]" is virtual output pin File: /home/juanfelipe/Documents/universidad/tesis/hardware/MACs/src/MACs.vhdl Line: 16
    Info (15719): Pin "res[19]" is virtual output pin File: /home/juanfelipe/Documents/universidad/tesis/hardware/MACs/src/MACs.vhdl Line: 16
    Info (15718): Pin "dataa[16]" is virtual input pin File: /home/juanfelipe/Documents/universidad/tesis/hardware/MACs/src/MACs.vhdl Line: 14
    Info (15718): Pin "datab[16]" is virtual input pin File: /home/juanfelipe/Documents/universidad/tesis/hardware/MACs/src/MACs.vhdl Line: 15
    Info (15718): Pin "dataa[14]" is virtual input pin File: /home/juanfelipe/Documents/universidad/tesis/hardware/MACs/src/MACs.vhdl Line: 14
    Info (15718): Pin "datab[13]" is virtual input pin File: /home/juanfelipe/Documents/universidad/tesis/hardware/MACs/src/MACs.vhdl Line: 15
    Info (15718): Pin "dataa[13]" is virtual input pin File: /home/juanfelipe/Documents/universidad/tesis/hardware/MACs/src/MACs.vhdl Line: 14
    Info (15718): Pin "datab[15]" is virtual input pin File: /home/juanfelipe/Documents/universidad/tesis/hardware/MACs/src/MACs.vhdl Line: 15
    Info (15718): Pin "dataa[15]" is virtual input pin File: /home/juanfelipe/Documents/universidad/tesis/hardware/MACs/src/MACs.vhdl Line: 14
    Info (15718): Pin "datab[14]" is virtual input pin File: /home/juanfelipe/Documents/universidad/tesis/hardware/MACs/src/MACs.vhdl Line: 15
    Info (15718): Pin "datab[1]" is virtual input pin File: /home/juanfelipe/Documents/universidad/tesis/hardware/MACs/src/MACs.vhdl Line: 15
    Info (15718): Pin "dataa[8]" is virtual input pin File: /home/juanfelipe/Documents/universidad/tesis/hardware/MACs/src/MACs.vhdl Line: 14
    Info (15718): Pin "datab[8]" is virtual input pin File: /home/juanfelipe/Documents/universidad/tesis/hardware/MACs/src/MACs.vhdl Line: 15
    Info (15718): Pin "dataa[1]" is virtual input pin File: /home/juanfelipe/Documents/universidad/tesis/hardware/MACs/src/MACs.vhdl Line: 14
    Info (15718): Pin "datab[3]" is virtual input pin File: /home/juanfelipe/Documents/universidad/tesis/hardware/MACs/src/MACs.vhdl Line: 15
    Info (15718): Pin "dataa[12]" is virtual input pin File: /home/juanfelipe/Documents/universidad/tesis/hardware/MACs/src/MACs.vhdl Line: 14
    Info (15718): Pin "datab[4]" is virtual input pin File: /home/juanfelipe/Documents/universidad/tesis/hardware/MACs/src/MACs.vhdl Line: 15
    Info (15718): Pin "datab[2]" is virtual input pin File: /home/juanfelipe/Documents/universidad/tesis/hardware/MACs/src/MACs.vhdl Line: 15
    Info (15718): Pin "datab[9]" is virtual input pin File: /home/juanfelipe/Documents/universidad/tesis/hardware/MACs/src/MACs.vhdl Line: 15
    Info (15718): Pin "dataa[7]" is virtual input pin File: /home/juanfelipe/Documents/universidad/tesis/hardware/MACs/src/MACs.vhdl Line: 14
    Info (15718): Pin "datab[10]" is virtual input pin File: /home/juanfelipe/Documents/universidad/tesis/hardware/MACs/src/MACs.vhdl Line: 15
    Info (15718): Pin "datab[5]" is virtual input pin File: /home/juanfelipe/Documents/universidad/tesis/hardware/MACs/src/MACs.vhdl Line: 15
    Info (15718): Pin "datab[11]" is virtual input pin File: /home/juanfelipe/Documents/universidad/tesis/hardware/MACs/src/MACs.vhdl Line: 15
    Info (15718): Pin "dataa[10]" is virtual input pin File: /home/juanfelipe/Documents/universidad/tesis/hardware/MACs/src/MACs.vhdl Line: 14
    Info (15718): Pin "datab[6]" is virtual input pin File: /home/juanfelipe/Documents/universidad/tesis/hardware/MACs/src/MACs.vhdl Line: 15
    Info (15718): Pin "datab[12]" is virtual input pin File: /home/juanfelipe/Documents/universidad/tesis/hardware/MACs/src/MACs.vhdl Line: 15
    Info (15718): Pin "datab[7]" is virtual input pin File: /home/juanfelipe/Documents/universidad/tesis/hardware/MACs/src/MACs.vhdl Line: 15
    Info (15718): Pin "dataa[9]" is virtual input pin File: /home/juanfelipe/Documents/universidad/tesis/hardware/MACs/src/MACs.vhdl Line: 14
    Info (15718): Pin "dataa[11]" is virtual input pin File: /home/juanfelipe/Documents/universidad/tesis/hardware/MACs/src/MACs.vhdl Line: 14
    Info (15718): Pin "dataa[2]" is virtual input pin File: /home/juanfelipe/Documents/universidad/tesis/hardware/MACs/src/MACs.vhdl Line: 14
    Info (15718): Pin "datab[0]" is virtual input pin File: /home/juanfelipe/Documents/universidad/tesis/hardware/MACs/src/MACs.vhdl Line: 15
    Info (15718): Pin "dataa[3]" is virtual input pin File: /home/juanfelipe/Documents/universidad/tesis/hardware/MACs/src/MACs.vhdl Line: 14
    Info (15718): Pin "dataa[4]" is virtual input pin File: /home/juanfelipe/Documents/universidad/tesis/hardware/MACs/src/MACs.vhdl Line: 14
    Info (15718): Pin "dataa[5]" is virtual input pin File: /home/juanfelipe/Documents/universidad/tesis/hardware/MACs/src/MACs.vhdl Line: 14
    Info (15718): Pin "dataa[6]" is virtual input pin File: /home/juanfelipe/Documents/universidad/tesis/hardware/MACs/src/MACs.vhdl Line: 14
    Info (15718): Pin "dataa[0]" is virtual input pin File: /home/juanfelipe/Documents/universidad/tesis/hardware/MACs/src/MACs.vhdl Line: 14
Info (21057): Implemented 464 device resources after synthesis - the final resource count might be different
    Info (21058): Implemented 3 input pins
    Info (21059): Implemented 0 output pins
    Info (21061): Implemented 461 logic cells
Info: Quartus Prime Analysis & Synthesis was successful. 0 errors, 1 warning
    Info: Peak virtual memory: 490 megabytes
    Info: Processing ended: Tue Feb 13 11:26:14 2024
    Info: Elapsed time: 00:00:13
    Info: Total CPU time (on all processors): 00:00:28


