Flow report for matrix_multiplication
Thu Dec 14 22:24:20 2023
Quartus Prime Version 18.1.0 Build 625 09/12/2018 SJ Lite Edition


---------------------
; Table of Contents ;
---------------------
  1. Legal Notice
  2. Flow Summary
  3. Flow Settings
  4. Flow Non-Default Global Settings
  5. Flow Elapsed Time
  6. Flow OS Summary
  7. Flow Log
  8. Flow Messages
  9. Flow Suppressed Messages



----------------
; Legal Notice ;
----------------
Copyright (C) 2018  Intel Corporation. All rights reserved.
Your use of Intel Corporation's design tools, logic functions 
and other software and tools, and its AMPP partner logic 
functions, and any output files from any of the foregoing 
(including device programming or simulation files), and any 
associated documentation or information are expressly subject 
to the terms and conditions of the Intel Program License 
Subscription Agreement, the Intel Quartus Prime License Agreement,
the Intel FPGA IP License Agreement, or other applicable license
agreement, including, without limitation, that your use is for
the sole purpose of programming logic devices manufactured by
Intel and sold by Intel or its authorized distributors.  Please
refer to the applicable agreement for further details.



+-------------------------------------------------------------------------------+
; Flow Summary                                                                  ;
+---------------------------------+---------------------------------------------+
; Flow Status                     ; Successful - Thu Dec 14 22:24:20 2023       ;
; Quartus Prime Version           ; 18.1.0 Build 625 09/12/2018 SJ Lite Edition ;
; Revision Name                   ; matrix_multiplication                       ;
; Top-level Entity Name           ; matrix_multiplication                       ;
; Family                          ; Cyclone V                                   ;
; Device                          ; 5CSEMA5F31C6                                ;
; Timing Models                   ; Final                                       ;
; Logic utilization (in ALMs)     ; 20,619 / 32,070 ( 64 % )                    ;
; Total registers                 ; 5025                                        ;
; Total pins                      ; 78 / 457 ( 17 % )                           ;
; Total virtual pins              ; 0                                           ;
; Total block memory bits         ; 748,160 / 4,065,280 ( 18 % )                ;
; Total DSP Blocks                ; 87 / 87 ( 100 % )                           ;
; Total HSSI RX PCSs              ; 0                                           ;
; Total HSSI PMA RX Deserializers ; 0                                           ;
; Total HSSI TX PCSs              ; 0                                           ;
; Total HSSI PMA TX Serializers   ; 0                                           ;
; Total PLLs                      ; 0 / 6 ( 0 % )                               ;
; Total DLLs                      ; 0 / 4 ( 0 % )                               ;
+---------------------------------+---------------------------------------------+


+-------------------------------------------+
; Flow Settings                             ;
+-------------------+-----------------------+
; Option            ; Setting               ;
+-------------------+-----------------------+
; Start date & time ; 12/14/2023 22:02:04   ;
; Main task         ; Compilation           ;
; Revision Name     ; matrix_multiplication ;
+-------------------+-----------------------+


+-----------------------------------------------------------------------------------------------------------------------------+
; Flow Non-Default Global Settings                                                                                            ;
+-------------------------------------+----------------------------------------+---------------+-------------+----------------+
; Assignment Name                     ; Value                                  ; Default Value ; Entity Name ; Section Id     ;
+-------------------------------------+----------------------------------------+---------------+-------------+----------------+
; COMPILER_SIGNATURE_ID               ; 40479524750848.170260932413445         ; --            ; --          ; --             ;
; EDA_OUTPUT_DATA_FORMAT              ; Verilog Hdl                            ; --            ; --          ; eda_simulation ;
; EDA_SIMULATION_TOOL                 ; ModelSim-Altera (Verilog)              ; <None>        ; --          ; --             ;
; EDA_TIME_SCALE                      ; 1 ps                                   ; --            ; --          ; eda_simulation ;
; MAX_CORE_JUNCTION_TEMP              ; 85                                     ; --            ; --          ; --             ;
; MIN_CORE_JUNCTION_TEMP              ; 0                                      ; --            ; --          ; --             ;
; MISC_FILE                           ; ../dsp/dsp.cmp                         ; --            ; --          ; --             ;
; MISC_FILE                           ; ../dsp/dsp_sim/dsp.vhd                 ; --            ; --          ; --             ;
; PARTITION_COLOR                     ; -- (Not supported for targeted family) ; --            ; --          ; Top            ;
; PARTITION_FITTER_PRESERVATION_LEVEL ; -- (Not supported for targeted family) ; --            ; --          ; Top            ;
; PARTITION_NETLIST_TYPE              ; -- (Not supported for targeted family) ; --            ; --          ; Top            ;
; POWER_BOARD_THERMAL_MODEL           ; None (CONSERVATIVE)                    ; --            ; --          ; --             ;
; POWER_PRESET_COOLING_SOLUTION       ; 23 MM HEAT SINK WITH 200 LFPM AIRFLOW  ; --            ; --          ; --             ;
; PROJECT_OUTPUT_DIRECTORY            ; output_files                           ; --            ; --          ; --             ;
; SPD_FILE                            ; ../dsp/dsp.spd                         ; --            ; --          ; --             ;
; SYNTHESIS_ONLY_QIP                  ; On                                     ; --            ; --          ; --             ;
+-------------------------------------+----------------------------------------+---------------+-------------+----------------+


+--------------------------------------------------------------------------------------------------------------------------+
; Flow Elapsed Time                                                                                                        ;
+----------------------+--------------+-------------------------+---------------------+------------------------------------+
; Module Name          ; Elapsed Time ; Average Processors Used ; Peak Virtual Memory ; Total CPU Time (on all processors) ;
+----------------------+--------------+-------------------------+---------------------+------------------------------------+
; Analysis & Synthesis ; 00:01:54     ; 1.2                     ; 2148 MB             ; 00:02:30                           ;
; Fitter               ; 00:16:41     ; 1.2                     ; 2986 MB             ; 00:31:12                           ;
; Assembler            ; 00:00:28     ; 1.0                     ; 1327 MB             ; 00:00:27                           ;
; Timing Analyzer      ; 00:02:14     ; 1.8                     ; 1779 MB             ; 00:03:38                           ;
; EDA Netlist Writer   ; 00:00:17     ; 1.0                     ; 1745 MB             ; 00:00:17                           ;
; Total                ; 00:21:34     ; --                      ; --                  ; 00:38:04                           ;
+----------------------+--------------+-------------------------+---------------------+------------------------------------+


+----------------------------------------------------------------------------------------+
; Flow OS Summary                                                                        ;
+----------------------+------------------+----------------+------------+----------------+
; Module Name          ; Machine Hostname ; OS Name        ; OS Version ; Processor type ;
+----------------------+------------------+----------------+------------+----------------+
; Analysis & Synthesis ; sunkiller        ; Ubuntu 22.04.3 ; 22         ; x86_64         ;
; Fitter               ; sunkiller        ; Ubuntu 22.04.3 ; 22         ; x86_64         ;
; Assembler            ; sunkiller        ; Ubuntu 22.04.3 ; 22         ; x86_64         ;
; Timing Analyzer      ; sunkiller        ; Ubuntu 22.04.3 ; 22         ; x86_64         ;
; EDA Netlist Writer   ; sunkiller        ; Ubuntu 22.04.3 ; 22         ; x86_64         ;
+----------------------+------------------+----------------+------------+----------------+


------------
; Flow Log ;
------------
quartus_map --read_settings_files=on --write_settings_files=off matrix_multiplication -c matrix_multiplication
quartus_fit --read_settings_files=off --write_settings_files=off matrix_multiplication -c matrix_multiplication
quartus_asm --read_settings_files=off --write_settings_files=off matrix_multiplication -c matrix_multiplication
quartus_sta matrix_multiplication -c matrix_multiplication
quartus_eda --read_settings_files=off --write_settings_files=off matrix_multiplication -c matrix_multiplication



