IP Upgrade report for MACs
Tue Feb 13 11:24:28 2024
Quartus Prime Version 23.1std.0 Build 991 11/28/2023 SC Lite Edition


---------------------
; Table of Contents ;
---------------------
  1. Legal Notice
  2. IP Upgrade Summary
  3. Successfully Upgraded IP Components
  4. IP Upgrade Messages



----------------
; Legal Notice ;
----------------
Copyright (C) 2023  Intel Corporation. All rights reserved.
Your use of Intel Corporation's design tools, logic functions 
and other software and tools, and any partner logic 
functions, and any output files from any of the foregoing 
(including device programming or simulation files), and any 
associated documentation or information are expressly subject 
to the terms and conditions of the Intel Program License 
Subscription Agreement, the Intel Quartus Prime License Agreement,
the Intel FPGA IP License Agreement, or other applicable license
agreement, including, without limitation, that your use is for
the sole purpose of programming logic devices manufactured by
Intel and sold by Intel or its authorized distributors.  Please
refer to the applicable agreement for further details, at
https://fpgasoftware.intel.com/eula.



+-------------------------------------------------------------------------------+
; IP Upgrade Summary                                                            ;
+------------------------------+------------------------------------------------+
; IP Components Upgrade Status ; Passed - Tue Feb 13 11:24:28 2024              ;
; Quartus Prime Version        ; 23.1std.0 Build 991 11/28/2023 SC Lite Edition ;
; Revision Name                ; MACs                                           ;
; Top-level Entity Name        ; MACs                                           ;
; Family                       ; Cyclone V                                      ;
+------------------------------+------------------------------------------------+


+--------------------------------------------------------------------------------------------------------------------------------------------------------------------------------+
; Successfully Upgraded IP Components                                                                                                                                            ;
+----------------+----------------+---------+----------------------------------------+----------------------------------------+----------------------------------------+---------+
; Entity Name    ; Component Name ; Version ; Original Source File                   ; Generation File Path                   ; New Source File                        ; Message ;
+----------------+----------------+---------+----------------------------------------+----------------------------------------+----------------------------------------+---------+
; parallel_adder ; PARALLEL_ADD   ; 18.1    ; ../src/parallel_add/parallel_adder.qip ; ../src/parallel_add/parallel_adder.vhd ; ../src/parallel_add/parallel_adder.qip ;         ;
+----------------+----------------+---------+----------------------------------------+----------------------------------------+----------------------------------------+---------+


+---------------------+
; IP Upgrade Messages ;
+---------------------+
Info (11902): Backing up file "../src/parallel_add/parallel_adder.vhd" to "../src/parallel_add/parallel_adder.BAK.vhd"
Info (11837): Started upgrading IP component PARALLEL_ADD with file "../src/parallel_add/parallel_adder.vhd"
Info (11131): Completed upgrading IP component PARALLEL_ADD with file "../src/parallel_add/parallel_adder.vhd"
Info (23030): Evaluation of Tcl script /usr/local/quartus/quartus/common/tcl/internal/ip_regen/ip_regen.tcl was successful
Info: Quartus Prime Shell was successful. 0 errors, 0 warnings
    Info: Peak virtual memory: 584 megabytes
    Info: Processing ended: Tue Feb 13 11:24:28 2024
    Info: Elapsed time: 00:00:12
    Info: Total CPU time (on all processors): 00:00:29


